  Application.cpp
  Flappy.cpp
F:\GameLib\GameLib\Classes\Flappy\Flappy.cpp(39,12): warning C4244: 'argument': conversion from 'time_t' to 'unsigned int', possible loss of data
F:\GameLib\GameLib\Classes\Flappy\Flappy.cpp(73,29): warning C4244: '=': conversion from 'double' to 'int', possible loss of data
  Hang.cpp
F:\GameLib\GameLib\Classes\Hangman\Hang.cpp(39,12): warning C4244: 'argument': conversion from 'time_t' to 'unsigned int', possible loss of data
F:\GameLib\GameLib\Classes\Hangman\Hang.cpp(235,17): warning C4018: '<': signed/unsigned mismatch
F:\GameLib\GameLib\Classes\Hangman\Hang.cpp(246,17): warning C4018: '<': signed/unsigned mismatch
F:\GameLib\GameLib\Classes\Hangman\Hang.cpp(323,20): warning C4018: '<': signed/unsigned mismatch
  Initialize.cpp
  Menu.cpp
  Object.cpp
  Pong.cpp
  Snake.cpp
F:\GameLib\GameLib\Classes\Snake\Snake.cpp(10,12): warning C4244: 'argument': conversion from 'time_t' to 'unsigned int', possible loss of data
  Tic.cpp
F:\GameLib\GameLib\Classes\Tic\Tic.cpp(112,17): warning C4101: 'textHeight': unreferenced local variable
  TicBoard.cpp
F:\GameLib\GameLib\Classes\Tic\TicBoard.cpp(13,15): warning C4244: 'argument': conversion from 'time_t' to 'unsigned int', possible loss of data
  User.cpp
F:\GameLib\GameLib\Classes\User\User.cpp(57,20): warning C4018: '<': signed/unsigned mismatch
F:\GameLib\GameLib\Classes\User\User.cpp(74,20): warning C4018: '<': signed/unsigned mismatch
F:\GameLib\GameLib\Classes\User\User.cpp(110,66): warning C4244: '+=': conversion from 'double' to 'int', possible loss of data
F:\GameLib\GameLib\Classes\User\User.cpp(164,21): warning C4018: '<': signed/unsigned mismatch
F:\GameLib\GameLib\Classes\User\User.cpp(184,21): warning C4018: '<': signed/unsigned mismatch
Flappy.obj : error LNK2001: unresolved external symbol _Mix_FreeMusic
Flappy.obj : error LNK2001: unresolved external symbol _SDL_DestroyTexture
Flappy.obj : error LNK2001: unresolved external symbol _Mix_VolumeMusic
Flappy.obj : error LNK2001: unresolved external symbol _SDL_RenderCopy
Flappy.obj : error LNK2001: unresolved external symbol _SDL_RenderClear
Flappy.obj : error LNK2001: unresolved external symbol _Mix_OpenAudio
Flappy.obj : error LNK2001: unresolved external symbol _Mix_Quit
Flappy.obj : error LNK2001: unresolved external symbol _Mix_Volume
Flappy.obj : error LNK2001: unresolved external symbol _SDL_Delay
Flappy.obj : error LNK2001: unresolved external symbol _TTF_Init
Flappy.obj : error LNK2001: unresolved external symbol _TTF_RenderText_Solid
Flappy.obj : error LNK2001: unresolved external symbol _TTF_SizeText
Flappy.obj : error LNK2001: unresolved external symbol _TTF_CloseFont
Flappy.obj : error LNK2001: unresolved external symbol _Mix_PlayChannelTimed
Flappy.obj : error LNK2001: unresolved external symbol _TTF_OpenFont
Flappy.obj : error LNK2001: unresolved external symbol _SDL_PollEvent
Flappy.obj : error LNK2001: unresolved external symbol _SDL_GetTicks
Flappy.obj : error LNK2001: unresolved external symbol _SDL_RenderCopyEx
Flappy.obj : error LNK2001: unresolved external symbol _SDL_FreeSurface
Flappy.obj : error LNK2001: unresolved external symbol _SDL_StartTextInput
Flappy.obj : error LNK2001: unresolved external symbol _SDL_RenderPresent
Flappy.obj : error LNK2001: unresolved external symbol _SDL_RenderFillRect
Flappy.obj : error LNK2001: unresolved external symbol _Mix_FreeChunk
Flappy.obj : error LNK2001: unresolved external symbol _TTF_Quit
Flappy.obj : error LNK2001: unresolved external symbol _Mix_LoadMUS
Flappy.obj : error LNK2001: unresolved external symbol _SDL_RWFromFile
Flappy.obj : error LNK2001: unresolved external symbol _SDL_SetRenderDrawColor
Flappy.obj : error LNK2001: unresolved external symbol _SDL_CreateTextureFromSurface
Flappy.obj : error LNK2001: unresolved external symbol _Mix_HaltMusic
Flappy.obj : error LNK2001: unresolved external symbol _SDL_StopTextInput
Flappy.obj : error LNK2001: unresolved external symbol _SDL_GetWindowSize
Flappy.obj : error LNK2001: unresolved external symbol _Mix_LoadWAV_RW
Flappy.obj : error LNK2001: unresolved external symbol _Mix_PlayMusic
Hang.obj : error LNK2001: unresolved external symbol _SDL_RenderDrawRect
Hang.obj : error LNK2001: unresolved external symbol _SDL_RenderDrawLine
Initialize.obj : error LNK2001: unresolved external symbol _SDL_DestroyRenderer
Initialize.obj : error LNK2001: unresolved external symbol _SDL_Init
Initialize.obj : error LNK2001: unresolved external symbol _SDL_DestroyWindow
Initialize.obj : error LNK2001: unresolved external symbol _SDL_Quit
Initialize.obj : error LNK2001: unresolved external symbol _SDL_CreateWindowAndRenderer
Initialize.obj : error LNK2001: unresolved external symbol _SDL_SetWindowTitle
Object.obj : error LNK2001: unresolved external symbol _SDL_GetError
Object.obj : error LNK2001: unresolved external symbol _IMG_LoadTexture
Object.obj : error LNK2001: unresolved external symbol _IMG_Load
Pong.obj : error LNK2001: unresolved external symbol _Mix_ResumeMusic
Pong.obj : error LNK2001: unresolved external symbol _Mix_PausedMusic
Pong.obj : error LNK2001: unresolved external symbol _Mix_PlayingMusic
F:\GameLib\Release\GameLib.exe : fatal error LNK1120: 47 unresolved externals
